C:\USERS\GRAHAM\PROGRAMMING\GMB\AUDIOCLASSES\GMBAUDIOCOM\GMBAUDIOCOM\DEBUG\GMBAUDIOCOM.PCH
C:\USERS\GRAHAM\PROGRAMMING\GMB\AUDIOCLASSES\GMBAUDIOCOM\GMBAUDIOCOM\DEBUG\STDAFX.OBJ
C:\USERS\GRAHAM\PROGRAMMING\GMB\AUDIOCLASSES\GMBAUDIOCOM\GMBAUDIOCOM\DEBUG\VC110.PDB
C:\USERS\GRAHAM\PROGRAMMING\GMB\AUDIOCLASSES\GMBAUDIOCOM\GMBAUDIOCOM\DEBUG\DLLMAIN.OBJ
C:\USERS\GRAHAM\PROGRAMMING\GMB\AUDIOCLASSES\GMBAUDIOCOM\GMBAUDIOCOM\DEBUG\GMBAUDIOCOM.OBJ
C:\USERS\GRAHAM\PROGRAMMING\GMB\AUDIOCLASSES\GMBAUDIOCOM\GMBAUDIOCOM\DEBUG\GMBAUDIOPLAYERCOMOBJ.OBJ
C:\USERS\GRAHAM\PROGRAMMING\GMB\AUDIOCLASSES\GMBAUDIOCOM\GMBAUDIOCOM\DEBUG\GMBAUDIOCOM_I.OBJ
C:\Users\Graham\Programming\GMB\AudioClasses\GMBAudioCOM\Debug\GMBAudioCOM.lib
C:\Users\Graham\Programming\GMB\AudioClasses\GMBAudioCOM\Debug\GMBAudioCOM.exp
C:\USERS\GRAHAM\PROGRAMMING\GMB\AUDIOCLASSES\GMBAUDIOCOM\DEBUG\GMBAUDIOCOM.ILK
C:\USERS\GRAHAM\PROGRAMMING\GMB\AUDIOCLASSES\GMBAUDIOCOM\DEBUG\GMBAUDIOCOM.DLL
C:\USERS\GRAHAM\PROGRAMMING\GMB\AUDIOCLASSES\GMBAUDIOCOM\DEBUG\GMBAUDIOCOM.PDB
C:\USERS\GRAHAM\PROGRAMMING\GMB\AUDIOCLASSES\GMBAUDIOCOM\GMBAUDIOCOM\DEBUG\GMBAUDIOCOM.TLB
C:\USERS\GRAHAM\PROGRAMMING\GMB\AUDIOCLASSES\GMBAUDIOCOM\GMBAUDIOCOM\GMBAUDIOCOM_P.C
C:\USERS\GRAHAM\PROGRAMMING\GMB\AUDIOCLASSES\GMBAUDIOCOM\GMBAUDIOCOM\GMBAUDIOCOM_I.C
C:\USERS\GRAHAM\PROGRAMMING\GMB\AUDIOCLASSES\GMBAUDIOCOM\GMBAUDIOCOM\GMBAUDIOCOM_I.H
C:\USERS\GRAHAM\PROGRAMMING\GMB\AUDIOCLASSES\GMBAUDIOCOM\GMBAUDIOCOM\DEBUG\GMBAUDIOCOM.RES
C:\Users\Graham\Programming\GMB\AudioClasses\GMBAudioCOM\GMBAudioCOM\Debug\dllmain.obj
C:\Users\Graham\Programming\GMB\AudioClasses\GMBAudioCOM\GMBAudioCOM\Debug\GMBAudioCOM.obj
C:\Users\Graham\Programming\GMB\AudioClasses\GMBAudioCOM\GMBAudioCOM\Debug\GMBAudioCOM_i.obj
C:\Users\Graham\Programming\GMB\AudioClasses\GMBAudioCOM\GMBAudioCOM\Debug\GMBAudioPlayerCOMObj.obj
C:\Users\Graham\Programming\GMB\AudioClasses\GMBAudioCOM\GMBAudioCOM\Debug\stdafx.obj
C:\Users\Graham\Programming\GMB\AudioClasses\GMBAudioCOM\GMBAudioCOM\Debug\GMBAudioCOM.tlb
C:\Users\Graham\Programming\GMB\AudioClasses\GMBAudioCOM\GMBAudioCOM\Debug\cl.command.1.tlog
C:\Users\Graham\Programming\GMB\AudioClasses\GMBAudioCOM\GMBAudioCOM\Debug\CL.read.1.tlog
C:\Users\Graham\Programming\GMB\AudioClasses\GMBAudioCOM\GMBAudioCOM\Debug\CL.write.1.tlog
C:\Users\Graham\Programming\GMB\AudioClasses\GMBAudioCOM\GMBAudioCOM\Debug\GMBAudioCOM.write.1.tlog
C:\Users\Graham\Programming\GMB\AudioClasses\GMBAudioCOM\GMBAudioCOM\Debug\link-cvtres.read.1.tlog
C:\Users\Graham\Programming\GMB\AudioClasses\GMBAudioCOM\GMBAudioCOM\Debug\link-cvtres.write.1.tlog
C:\Users\Graham\Programming\GMB\AudioClasses\GMBAudioCOM\GMBAudioCOM\Debug\link-rc.read.1.tlog
C:\Users\Graham\Programming\GMB\AudioClasses\GMBAudioCOM\GMBAudioCOM\Debug\link-rc.write.1.tlog
C:\Users\Graham\Programming\GMB\AudioClasses\GMBAudioCOM\GMBAudioCOM\Debug\link.command.1.tlog
C:\Users\Graham\Programming\GMB\AudioClasses\GMBAudioCOM\GMBAudioCOM\Debug\link.read.1.tlog
C:\Users\Graham\Programming\GMB\AudioClasses\GMBAudioCOM\GMBAudioCOM\Debug\link.write.1.tlog
C:\Users\Graham\Programming\GMB\AudioClasses\GMBAudioCOM\GMBAudioCOM\Debug\midl-midlc-cl.read.1.tlog
C:\Users\Graham\Programming\GMB\AudioClasses\GMBAudioCOM\GMBAudioCOM\Debug\midl-midlc.read.1.tlog
C:\Users\Graham\Programming\GMB\AudioClasses\GMBAudioCOM\GMBAudioCOM\Debug\midl-midlc.write.1.tlog
C:\Users\Graham\Programming\GMB\AudioClasses\GMBAudioCOM\GMBAudioCOM\Debug\midl.command.1.tlog
C:\Users\Graham\Programming\GMB\AudioClasses\GMBAudioCOM\GMBAudioCOM\Debug\midl.read.1.tlog
C:\Users\Graham\Programming\GMB\AudioClasses\GMBAudioCOM\GMBAudioCOM\Debug\midl.write.1.tlog
C:\Users\Graham\Programming\GMB\AudioClasses\GMBAudioCOM\GMBAudioCOM\Debug\rc.command.1.tlog
C:\Users\Graham\Programming\GMB\AudioClasses\GMBAudioCOM\GMBAudioCOM\Debug\rc.read.1.tlog
C:\Users\Graham\Programming\GMB\AudioClasses\GMBAudioCOM\GMBAudioCOM\Debug\rc.write.1.tlog
C:\Users\Graham\Programming\GMB\AudioClasses\GMBAudioCOM\GMBAudioCOM\Debug\GMBAudioCOM.res
C:\Users\Graham\Programming\GMB\AudioClasses\GMBAudioCOM\GMBAudioCOM\Debug\GMBAudioCOM.pch
C:\Users\Graham\Programming\GMB\AudioClasses\GMBAudioCOM\GMBAudioCOM\Debug\vc110.idb
C:\Users\Graham\Programming\GMB\AudioClasses\GMBAudioCOM\GMBAudioCOM\Debug\vc110.pdb
C:\Users\Graham\Programming\GMB\AudioClasses\GMBAudioCOM\Debug\GMBAudioCOM.pdb
C:\Users\Graham\Programming\GMB\AudioClasses\GMBAudioCOM\Debug\GMBAudioCOM.dll
C:\Users\Graham\Programming\GMB\AudioClasses\GMBAudioCOM\Debug\GMBAudioCOM.ilk
